[1/131] Building C object CMakeFiles/pscal_common_frontend_shim.dir/src/ios/common_frontend_shim.c.o
[2/131] Building C object CMakeFiles/pscal_core_static.dir/src/core/version.c.o
[3/131] Building C object CMakeFiles/pscal_core_static.dir/src/ast/closure_registry.c.o
[4/131] Building C object CMakeFiles/pscal_core_static.dir/src/Pascal/globals.c.o
[5/131] Building C object CMakeFiles/pscal_core_static.dir/src/Pascal/type_registry.c.o
[6/131] Building C object CMakeFiles/pscal_core_static.dir/src/core/types.c.o
[7/131] Building C object CMakeFiles/pscal_core_static.dir/src/core/list.c.o
[8/131] Building C object CMakeFiles/pscal_core_static.dir/src/core/preproc.c.o
[9/131] Building C object CMakeFiles/pscal_core_static.dir/src/symbol/symbol.c.o
[10/131] Linking C static library libpscal_common_frontend_shim.a
[11/131] Building C object CMakeFiles/pscal_core_static.dir/src/backend_ast/builtin_network_api_stub.c.o
[12/131] Building C object CMakeFiles/pscal_core_static.dir/src/backend_ast/shell_runtime_stub.c.o
[13/131] Building C object CMakeFiles/pscal_core_static.dir/src/common/runtime_params.c.o
[14/131] Building C object CMakeFiles/pscal_core_static.dir/src/ast/ast.c.o
[15/131] Building C object CMakeFiles/pscal_core_static.dir/src/common/frontend_kind.c.o
[16/131] Building C object CMakeFiles/pscal_core_static.dir/src/compiler/bytecode.c.o
[17/131] Building C object CMakeFiles/pscal_core_static.dir/src/backend_ast/thread_wrappers.c.o
[18/131] Building C object CMakeFiles/pscal_core_static.dir/src/core/utils.c.o
[19/131] Building C object CMakeFiles/pscal_core_static.dir/src/common/runtime_tty.c.o
[20/131] Building C object CMakeFiles/pscal_core_static.dir/src/common/runtime_paths.c.o
[21/131] Building C object CMakeFiles/pscal_core_static.dir/src/common/pascal_state.c.o
[22/131] Building C object CMakeFiles/pscal_core_static.dir/src/core/cache.c.o
[23/131] Building C object CMakeFiles/pscal_core_static.dir/src/smallclue/elvis_app.c.o
[24/131] Building C object CMakeFiles/pscal_core_static.dir/src/smallclue/integration.c.o
[25/131] Building C object CMakeFiles/pscal_core_static.dir/lib/noise/noise.c.o
[26/131] Building C object CMakeFiles/pscal_core_static.dir/src/runtime/shaders/shader_common.c.o
[27/131] Building C object CMakeFiles/pscal_core_static.dir/src/smallclue/core.c.o
[28/131] Building C object CMakeFiles/pscal_core_static.dir/src/runtime/terrain/terrain_generator.c.o
[29/131] Building C object CMakeFiles/pscal_core_static.dir/src/runtime/shaders/sky/sky_dome.c.o
[30/131] Building C object CMakeFiles/pscal_core_static.dir/src/runtime/shaders/terrain/terrain_shader.c.o
[31/131] Building C object CMakeFiles/pscal_core_static.dir/src/runtime/shaders/sky/cloud_layer.c.o
[32/131] Building C object CMakeFiles/pscal_core_static.dir/src/backend_ast/builtin.c.o
[33/131] Building C object CMakeFiles/pscal_core_static.dir/src/compiler/compiler.c.o
[34/131] Building C object CMakeFiles/pscal_core_static.dir/third-party/elvis/descr.c.o
[35/131] Building C object CMakeFiles/pscal_core_static.dir/third-party/elvis/autocmd.c.o
[36/131] Building C object CMakeFiles/pscal_core_static.dir/third-party/elvis/calc.c.o
[37/131] Building C object CMakeFiles/pscal_core_static.dir/third-party/elvis/display.c.o
[38/131] Building C object CMakeFiles/pscal_core_static.dir/third-party/elvis/cut.c.o
[39/131] Building C object CMakeFiles/pscal_core_static.dir/third-party/elvis/color.c.o
[40/131] Building C object CMakeFiles/pscal_core_static.dir/third-party/elvis/dmhex.c.o
[41/131] Building C object CMakeFiles/pscal_core_static.dir/third-party/elvis/buffer.c.o
[42/131] Building C object CMakeFiles/pscal_core_static.dir/third-party/elvis/digraph.c.o
[43/131] Building C object CMakeFiles/pscal_core_static.dir/third-party/elvis/dmnormal.c.o
[44/131] Building C object CMakeFiles/pscal_core_static.dir/third-party/elvis/dmsyntax.c.o
[45/131] Building C object CMakeFiles/pscal_core_static.dir/src/vm/vm.c.o
[46/131] Building C object CMakeFiles/pscal_core_static.dir/third-party/elvis/exsubst.c.o
[47/131] Building C object CMakeFiles/pscal_core_static.dir/third-party/elvis/exconfig.c.o
[48/131] Building C object CMakeFiles/pscal_core_static.dir/third-party/elvis/exmake.c.o
[49/131] Building C object CMakeFiles/pscal_core_static.dir/third-party/elvis/event.c.o
[50/131] Building C object CMakeFiles/pscal_core_static.dir/third-party/elvis/exedit.c.o
[51/131] Building C object CMakeFiles/pscal_core_static.dir/third-party/elvis/exaction.c.o
[52/131] Building C object CMakeFiles/pscal_core_static.dir/third-party/elvis/dmmarkup.c.o
[53/131] Building C object CMakeFiles/pscal_core_static.dir/third-party/elvis/draw.c.o
[54/131] Building C object CMakeFiles/pscal_core_static.dir/third-party/elvis/ex.c.o
[55/131] Building C object CMakeFiles/pscal_core_static.dir/third-party/elvis/guicurs.c.o
[56/131] Building C object CMakeFiles/pscal_core_static.dir/third-party/elvis/ftp.c.o
[57/131] Building C object CMakeFiles/pscal_core_static.dir/third-party/elvis/fold.c.o
[58/131] Building C object CMakeFiles/pscal_core_static.dir/third-party/elvis/gui.c.o
[59/131] Building C object CMakeFiles/pscal_core_static.dir/third-party/elvis/http.c.o
[60/131] Building C object CMakeFiles/pscal_core_static.dir/third-party/elvis/guiopen.c.o
[61/131] Building C object CMakeFiles/pscal_core_static.dir/third-party/elvis/io.c.o
[62/131] Building C object CMakeFiles/pscal_core_static.dir/third-party/elvis/input.c.o
[63/131] Building C object CMakeFiles/pscal_core_static.dir/third-party/elvis/lowbuf.c.o
[64/131] Building C object CMakeFiles/pscal_core_static.dir/third-party/elvis/guitcap.c.o
[65/131] Building C object CMakeFiles/pscal_core_static.dir/third-party/elvis/lp.c.o
[66/131] Building C object CMakeFiles/pscal_core_static.dir/third-party/elvis/lpescape.c.o
[67/131] Building C object CMakeFiles/pscal_core_static.dir/third-party/elvis/lpps.c.o
[68/131] Building C object CMakeFiles/pscal_core_static.dir/third-party/elvis/lpovrtyp.c.o
[69/131] Building C object CMakeFiles/pscal_core_static.dir/third-party/elvis/mark.c.o
[70/131] Building C object CMakeFiles/pscal_core_static.dir/third-party/elvis/main.c.o
[71/131] Building C object CMakeFiles/pscal_core_static.dir/third-party/elvis/map.c.o
[72/131] Building C object CMakeFiles/pscal_core_static.dir/third-party/elvis/message.c.o
[73/131] Building C object CMakeFiles/pscal_core_static.dir/third-party/elvis/misc.c.o
[74/131] Building C object CMakeFiles/pscal_core_static.dir/third-party/elvis/optglob.c.o
[75/131] Building C object CMakeFiles/pscal_core_static.dir/third-party/elvis/need.c.o
[76/131] Building C object CMakeFiles/pscal_core_static.dir/third-party/elvis/more.c.o
[77/131] Building C object CMakeFiles/pscal_core_static.dir/third-party/elvis/operator.c.o
[78/131] Building C object CMakeFiles/pscal_core_static.dir/third-party/elvis/region.c.o
[79/131] Building C object CMakeFiles/pscal_core_static.dir/third-party/elvis/safe.c.o
[80/131] Building C object CMakeFiles/pscal_core_static.dir/third-party/elvis/scan.c.o
[81/131] Building C object CMakeFiles/pscal_core_static.dir/third-party/elvis/regsub.c.o
[82/131] Building C object CMakeFiles/pscal_core_static.dir/third-party/elvis/move.c.o
[83/131] Building C object CMakeFiles/pscal_core_static.dir/third-party/elvis/options.c.o
[84/131] Building C object CMakeFiles/pscal_core_static.dir/third-party/elvis/regexp.c.o
[85/131] Building C object CMakeFiles/pscal_core_static.dir/third-party/elvis/search.c.o
[86/131] Building C object CMakeFiles/pscal_core_static.dir/third-party/elvis/session.c.o
[87/131] Building C object CMakeFiles/pscal_core_static.dir/third-party/elvis/state.c.o
[88/131] Building C object CMakeFiles/pscal_core_static.dir/third-party/elvis/spell.c.o
[89/131] Building C object CMakeFiles/pscal_core_static.dir/third-party/elvis/tagsrch.c.o
[90/131] Building C object CMakeFiles/pscal_core_static.dir/third-party/elvis/tag.c.o
[91/131] Building C object CMakeFiles/pscal_core_static.dir/third-party/elvis/tinytcap.c.o
[92/131] Building C object CMakeFiles/pscal_core_static.dir/third-party/elvis/url.c.o
[93/131] Building C object CMakeFiles/pscal_core_static.dir/third-party/elvis/tagelvis.c.o
[94/131] Building C object CMakeFiles/pscal_core_static.dir/third-party/elvis/vi.c.o
[95/131] Building C object CMakeFiles/pscal_core_static.dir/third-party/elvis/window.c.o
[96/131] Building C object CMakeFiles/pscal_core_static.dir/third-party/elvis/vicmd.c.o
[97/131] Building C object CMakeFiles/pscal_core_static.dir/third-party/elvis/fmt.c.o
[98/131] Building C object CMakeFiles/pscal_core_static.dir/third-party/elvis/osunix/osblock.c.o
[99/131] Building C object CMakeFiles/pscal_core_static.dir/third-party/elvis/osunix/osprg.c.o
[100/131] Building C object CMakeFiles/pscal_core_static.dir/third-party/elvis/ref.c.o
[101/131] Building C object CMakeFiles/pscal_core_static.dir/third-party/elvis/osunix/ostext.c.o
[102/131] Building C object CMakeFiles/pscal_core_static.dir/third-party/elvis/osunix/osnet.c.o
[103/131] Building C object CMakeFiles/pscal_core_static.dir/third-party/elvis/osunix/osdir.c.o
[104/131] Building C object CMakeFiles/pscal_core_static.dir/src/ext_builtins/register.c.o
[105/131] Building C object CMakeFiles/pscal_core_static.dir/third-party/elvis/osunix/tcaphelp.c.o
[106/131] Building C object CMakeFiles/pscal_core_static.dir/src/ext_builtins/dump.c.o
[107/131] Building C object CMakeFiles/pscal_core_static.dir/src/ext_builtins/registry.c.o
[108/131] Building C object CMakeFiles/pscal_core_static.dir/src/ext_builtins/math/chudnovsky.c.o
[109/131] Building C object CMakeFiles/pscal_core_static.dir/src/ext_builtins/math/factorial.c.o
[110/131] Building C object CMakeFiles/pscal_core_static.dir/src/ext_builtins/query_builtin.c.o
[111/131] Building C object CMakeFiles/pscal_core_static.dir/src/ext_builtins/math/fibonacci.c.o
[112/131] Building C object CMakeFiles/pscal_core_static.dir/src/ext_builtins/math/mandelbrot.c.o
[113/131] Building C object CMakeFiles/pscal_core_static.dir/src/ext_builtins/math/register.c.o
[114/131] Building C object CMakeFiles/pscal_core_static.dir/src/ext_builtins/strings/register.c.o
[115/131] Building C object CMakeFiles/pscal_core_static.dir/src/ext_builtins/strings/atoi.c.o
[116/131] Building C object CMakeFiles/pscal_core_static.dir/src/ext_builtins/system/fileexists.c.o
[117/131] Building C object CMakeFiles/pscal_core_static.dir/src/ext_builtins/system/realtimeclock.c.o
[118/131] Building C object CMakeFiles/pscal_core_static.dir/src/ext_builtins/system/getpid.c.o
[119/131] Building C object CMakeFiles/pscal_core_static.dir/src/ext_builtins/system/getcurrentdir.c.o
[120/131] Building C object CMakeFiles/pscal_core_static.dir/src/ext_builtins/system/register.c.o
[121/131] Building C object CMakeFiles/pscal_core_static.dir/src/ext_builtins/yyjson/register.c.o
[122/131] Building C object CMakeFiles/pscal_core_static.dir/src/ext_builtins/system/swap.c.o
[123/131] Building C object CMakeFiles/pscal_core_static.dir/src/ext_builtins/graphics/register.c.o
[124/131] Building C object CMakeFiles/pscal_core_static.dir/src/ext_builtins/user/register.c.o
[125/131] Building C object CMakeFiles/pscal_core_static.dir/src/common/frontend_symbol_wrappers.c.o
[126/131] Building C object CMakeFiles/pscal_core_static.dir/src/ext_builtins/user/sierpinski_threads.c.o
[127/131] Building C object CMakeFiles/pscal_core_static.dir/src/ext_builtins/sqlite/sqlite_builtins.c.o
[128/131] Building C object CMakeFiles/pscal_core_static.dir/src/ext_builtins/yyjson/yyjson_builtins.c.o
[129/131] Building C object CMakeFiles/pscal_core_static.dir/src/ext_builtins/user/landscape.c.o
[130/131] Building C object CMakeFiles/pscal_core_static.dir/src/third_party/yyjson/yyjson.c.o
[131/131] Linking C static library libpscal_core_static.a
